make --dry-run --keep-going --print-directory
make: Entering directory `/Users/meshen/Documents/Research/Postprocessing/cpp/md_data_analysis_structure_density_msd_region_shell_elec_rdf_functionalize'
 
mkdir -p ./obj
c++ -std=c++0x -I "./include" -Wall -Wextra -O2  -c src/analysis_shell.cpp -o obj/analysis_shell.o
mkdir -p ./obj
c++ -std=c++0x -I "./include" -Wall -Wextra -O2  -c src/analysis_straight_chain.cpp -o obj/analysis_straight_chain.o
mkdir -p ./obj
c++ -std=c++0x -I "./include" -Wall -Wextra -O2  -c src/atom.cpp -o obj/atom.o
mkdir -p ./obj
c++ -std=c++0x -I "./include" -Wall -Wextra -O2  -c src/dcd.cpp -o obj/dcd.o
mkdir -p ./obj
c++ -std=c++0x -I "./include" -Wall -Wextra -O2  -c src/dcd_r.cpp -o obj/dcd_r.o
mkdir -p ./obj
c++ -std=c++0x -I "./include" -Wall -Wextra -O2  -c src/error.cpp -o obj/error.o
mkdir -p ./obj
c++ -std=c++0x -I "./include" -Wall -Wextra -O2  -c src/group.cpp -o obj/group.o
mkdir -p ./obj
c++ -std=c++0x -I "./include" -Wall -Wextra -O2  -c src/input.cpp -o obj/input.o
mkdir -p ./obj
c++ -std=c++0x -I "./include" -Wall -Wextra -O2  -c src/main.cpp -o obj/main.o
mkdir -p ./obj
c++ -std=c++0x -I "./include" -Wall -Wextra -O2  -c src/output.cpp -o obj/output.o
mkdir -p ./obj
c++ -std=c++0x -I "./include" -Wall -Wextra -O2  -c src/psf.cpp -o obj/psf.o
c++ -std=c++0x -I "./include" -Wall -Wextra -O2   ./obj/analysis.o ./obj/analysis_anglezs_rings.o ./obj/analysis_avedangles_seg.o ./obj/analysis_density_profile.o ./obj/analysis_energy.o ./obj/analysis_functionalize.o ./obj/analysis_mindangles_seg.o ./obj/analysis_mindangles_seg_dislocated.o ./obj/analysis_msd.o ./obj/analysis_msd_region.o ./obj/analysis_packing.o ./obj/analysis_pointers.o ./obj/analysis_random_walk.o ./obj/analysis_rdf.o ./obj/analysis_rotate.o ./obj/analysis_scale.o ./obj/analysis_shell.o ./obj/analysis_straight_chain.o ./obj/atom.o ./obj/dcd.o ./obj/dcd_r.o ./obj/error.o ./obj/group.o ./obj/input.o ./obj/main.o ./obj/output.o ./obj/psf.o -o read_dcd 
echo "Compilation Success"
make: Leaving directory `/Users/meshen/Documents/Research/Postprocessing/cpp/md_data_analysis_structure_density_msd_region_shell_elec_rdf_functionalize'
 
