make all --print-data-base --no-builtin-variables --no-builtin-rules --question
# GNU Make 3.81
# Copyright (C) 2006  Free Software Foundation, Inc.
# This is free software; see the source for copying conditions.
# There is NO warranty; not even for MERCHANTABILITY or FITNESS FOR A
# PARTICULAR PURPOSE.

# This program built for i386-apple-darwin11.3.0
 

# Make data base, printed on Wed May  4 11:22:03 2022

# Variables

 
# automatic
<D = $(patsubst %/,%,$(dir $<))
# automatic
?F = $(notdir $?)
# makefile (from `Makefile', line 19)
OBJ = $(patsubst ./src/%.cpp,./obj/%.o,$(SRC))
# makefile (from `Makefile', line 17)
SRC = $(wildcard ./src/*.cpp)
# environment
VSCODE_LOG_NATIVE = false
# makefile (from `Makefile', line 15)
TARGET = read_dcd
# automatic
?D = $(patsubst %/,%,$(dir $?))
# automatic
@D = $(patsubst %/,%,$(dir $@))
# automatic
@F = $(notdir $@)
# makefile
CURDIR := /Users/meshen/Documents/Research/Postprocessing/cpp/md_data_analysis_structure_density_msd_region_shell_elec_rdf_functionalize
# makefile
SHELL = /bin/sh
# environment
VSCODE_NLS_CONFIG = {"locale":"en-us","availableLanguages":{},"_languagePackSupport":true}
# environment
_ = /usr/bin/make
# makefile (from `Makefile', line 1)
MAKEFILE_LIST :=  Makefile
# makefile (from `Makefile', line 7)
CXX_OPT = -std=c++0x -I "./include" -Wall -Wextra -O2 
# environment
VSCODE_VERBOSE_LOGGING = true
# environment
__CFBundleIdentifier = com.microsoft.VSCode
# environment
VSCODE_IPC_HOOK_EXTHOST = /var/folders/4w/kxyzjp1s7gx0vhp0ztpqzsv40000gq/T/vscode-ipc-b052f419-3c3d-42ff-882e-c9775a0bf3b2.sock
# environment
VSCODE_CWD = /
# environment
PATH = /Users/meshen/anaconda3/bin:/Users/meshen/anaconda3/condabin:/Library/Frameworks/Python.framework/Versions/3.9/bin:/usr/local/bin:/usr/bin:/bin:/usr/sbin:/sbin:/opt/X11/bin
# environment
VSCODE_LOG_STACK = false
# environment
ELECTRON_RUN_AS_NODE = 1
# default
.FEATURES := target-specific order-only second-expansion else-if archives jobserver check-symlink
# environment
SSH_AUTH_SOCK = /private/tmp/com.apple.launchd.UPg5Muyj4D/Listeners
# automatic
%F = $(notdir $%)
# environment
DISPLAY = /private/tmp/com.apple.launchd.A7ggcJ1JUb/org.xquartz:0
# environment
CONDA_EXE = /Users/meshen/anaconda3/bin/conda
# environment
VSCODE_PIPE_LOGGING = true
# environment
PWD = /Users/meshen/Documents/Research/Postprocessing/cpp/md_data_analysis_structure_density_msd_region_shell_elec_rdf_functionalize
# environment
ORIGINAL_XDG_CURRENT_DESKTOP = undefined
# environment
VSCODE_AMD_ENTRYPOINT = vs/workbench/api/node/extensionHostProcess
# environment
HOME = /Users/meshen
# default
MAKEFILEPATH = $(shell /usr/bin/xcode-select -print-path 2>/dev/null || echo /Developer)/Makefiles
# environment
VSCODE_CODE_CACHE_PATH = /Users/meshen/Library/Application Support/Code/CachedData/dfd34e8260c270da74b5c2d86d61aee4b6d56977
# environment
LOGNAME = meshen
# environment
APPLICATION_INSIGHTS_NO_DIAGNOSTIC_CHANNEL = 1
# environment
CONDA_PROMPT_MODIFIER = (base) 
# environment
VSCODE_HANDLES_UNCAUGHT_ERRORS = true
# automatic
^D = $(patsubst %/,%,$(dir $^))
# makefile (from `Makefile', line 9)
LD_LIB = 
# environment
CONDA_DEFAULT_ENV = base
# environment
XPC_FLAGS = 0x0
# default
MAKE = $(MAKE_COMMAND)
# default
MAKECMDGOALS := all
# environment
SHLVL = 1
# makefile (from `Makefile', line 11)
LD_OPT = 
# default
MAKE_VERSION := 3.81
# environment
USER = meshen
# makefile
.DEFAULT_GOAL := all
# automatic
%D = $(patsubst %/,%,$(dir $%))
# environment
CONDA_SHLVL = 1
# default
MAKE_COMMAND := /Library/Developer/CommandLineTools/usr/bin/make
# default
.VARIABLES := 
# environment
TMPDIR = /var/folders/4w/kxyzjp1s7gx0vhp0ztpqzsv40000gq/T/
# automatic
*F = $(notdir $*)
# environment
VSCODE_IPC_HOOK = /Users/meshen/Library/Application Support/Code/1.66.2-main.sock
# makefile
MAKEFLAGS = Rrqp
# environment
MFLAGS = -Rrqp
# automatic
*D = $(patsubst %/,%,$(dir $*))
# environment
XPC_SERVICE_NAME = application.com.microsoft.VSCode.6439740.6439746
# automatic
+D = $(patsubst %/,%,$(dir $+))
# automatic
+F = $(notdir $+)
# environment
__CF_USER_TEXT_ENCODING = 0x1F7:0x0:0x0
# environment
COMMAND_MODE = unix2003
# default
MAKEFILES := 
# makefile (from `Makefile', line 13)
MKDIR = mkdir -p ./obj
# automatic
<F = $(notdir $<)
# environment
LC_ALL = C
# environment
CONDA_PYTHON_EXE = /Users/meshen/anaconda3/bin/python
# automatic
^F = $(notdir $^)
# default
SUFFIXES := 
# environment
_CE_M = 
# environment
MAKELEVEL := 0
# environment
CONDA_PREFIX = /Users/meshen/anaconda3
# environment
VSCODE_PID = 58408
# environment
_CE_CONDA = 
# environment
LANG = C
# variable set hash-table stats:
# Load=77/1024=8%, Rehash=0, Collisions=6/110=5%

# Pattern-specific Variable Values

# No pattern-specific variable values.

# Directories

# . (device 16777229, inode 8349474): 18 files, no impossibilities.
# ./src (device 16777229, inode 8349701): 33 files, no impossibilities.
# src (device 16777229, inode 8349701): 33 files, no impossibilities.

# 84 files, no impossibilities in 3 directories.

# Implicit Rules

obj/%.o: ./src/%.cpp
#  commands to execute (from `Makefile', line 31):
	@$(MKDIR)
	$(CXX) $(CXX_OPT) -c $< -o $@
	

# 1 implicit rules, 0 (0.0%) terminal.

# Files

# Not a target:
src/analysis_random_walk.cpp:
#  Implicit rule search has been done.
#  Last modified 2022-05-04 11:10:49
#  File has been updated.
#  Successfully updated.
# variable set hash-table stats:
# Load=0/32=0%, Rehash=0, Collisions=0/0=0%

# Not a target:
src/analysis_density_profile.cpp:
#  Implicit rule search has been done.
#  Last modified 2022-05-04 11:10:48
#  File has been updated.
#  Successfully updated.
# variable set hash-table stats:
# Load=0/32=0%, Rehash=0, Collisions=0/0=0%

# Not a target:
src/analysis_rotate.cpp:
#  Implicit rule search has been done.
#  Last modified 2022-05-04 11:10:50
#  File has been updated.
#  Successfully updated.
# variable set hash-table stats:
# Load=0/32=0%, Rehash=0, Collisions=0/0=0%

# Not a target:
obj/output.o:
#  Implicit rule search has not been done.
#  Modification time never checked.
#  File has not been updated.

all: read_dcd
#  Command-line target.
#  Implicit rule search has not been done.
#  File does not exist.
#  File has been updated.
#  Needs to be updated (-q is set).
# variable set hash-table stats:
# Load=0/32=0%, Rehash=0, Collisions=0/5=0%
#  commands to execute (from `Makefile', line 26):
	@echo "Compilation Success"
	

obj/analysis.o: src/analysis.cpp
#  Implicit rule search has been done.
#  Implicit/static pattern stem: `analysis'
#  Last modified 2022-05-04 11:20:41
#  File has been updated.
#  Successfully updated.
# variable set hash-table stats:
# Load=0/32=0%, Rehash=0, Collisions=0/0=0%
#  commands to execute (from `Makefile', line 31):
	@$(MKDIR)
	$(CXX) $(CXX_OPT) -c $< -o $@
	

# Not a target:
src/analysis_energy.cpp:
#  Implicit rule search has been done.
#  Last modified 2022-05-04 11:10:48
#  File has been updated.
#  Successfully updated.
# variable set hash-table stats:
# Load=0/32=0%, Rehash=0, Collisions=0/0=0%

# Not a target:
src/analysis_functionalize.cpp:
#  Implicit rule search has been done.
#  Last modified 2022-05-04 11:10:49
#  File has been updated.
#  Successfully updated.
# variable set hash-table stats:
# Load=0/32=0%, Rehash=0, Collisions=0/0=0%

# Not a target:
obj/atom.o:
#  Implicit rule search has not been done.
#  Modification time never checked.
#  File has not been updated.

# Not a target:
src/analysis_avedangles_seg.cpp:
#  Implicit rule search has been done.
#  Last modified 2022-05-04 11:10:48
#  File has been updated.
#  Successfully updated.
# variable set hash-table stats:
# Load=0/32=0%, Rehash=0, Collisions=0/0=0%

read_dcd: obj/analysis.o obj/analysis_anglezs_rings.o obj/analysis_avedangles_seg.o obj/analysis_density_profile.o obj/analysis_energy.o obj/analysis_functionalize.o obj/analysis_mindangles_seg.o obj/analysis_mindangles_seg_dislocated.o obj/analysis_msd.o obj/analysis_msd_region.o obj/analysis_packing.o obj/analysis_pointers.o obj/analysis_random_walk.o obj/analysis_rdf.o obj/analysis_rotate.o obj/analysis_scale.o obj/analysis_shell.o obj/analysis_straight_chain.o obj/atom.o obj/dcd.o obj/dcd_r.o obj/error.o obj/group.o obj/input.o obj/main.o obj/output.o obj/psf.o Makefile
#  Implicit rule search has not been done.
#  Last modified 2022-05-04 11:10:41
#  File has been updated.
#  Needs to be updated (-q is set).
# variable set hash-table stats:
# Load=0/32=0%, Rehash=0, Collisions=0/5=0%
#  commands to execute (from `Makefile', line 35):
	$(CXX) $(CXX_OPT) $(LD_LIB) $(OBJ) -o $@ $(LD_OPT)
	

 
# Not a target:
src/analysis_msd.cpp:
#  Implicit rule search has been done.
#  Last modified 2022-05-04 11:10:50
#  File has been updated.
#  Successfully updated.
# variable set hash-table stats:
# Load=0/32=0%, Rehash=0, Collisions=0/0=0%

# Not a target:
src/analysis.cpp:
#  Implicit rule search has been done.
#  Last modified 2022-05-04 11:10:49
#  File has been updated.
#  Successfully updated.
# variable set hash-table stats:
# Load=0/32=0%, Rehash=0, Collisions=0/0=0%

# Not a target:
obj/main.o:
#  Implicit rule search has not been done.
#  Modification time never checked.
#  File has not been updated.

# Not a target:
.SUFFIXES:
#  Implicit rule search has not been done.
#  Modification time never checked.
#  File has not been updated.

# Not a target:
Makefile:
#  Implicit rule search has been done.
#  Last modified 2022-05-04 11:20:37
#  File has been updated.
#  Successfully updated.
# variable set hash-table stats:
# Load=0/32=0%, Rehash=0, Collisions=0/0=0%

# Not a target:
obj/error.o:
#  Implicit rule search has not been done.
#  Modification time never checked.
#  File has not been updated.

# Not a target:
src/analysis_msd_region.cpp:
#  Implicit rule search has been done.
#  Last modified 2022-05-04 11:10:48
#  File has been updated.
#  Successfully updated.
# variable set hash-table stats:
# Load=0/32=0%, Rehash=0, Collisions=0/0=0%

obj/analysis_anglezs_rings.o: src/analysis_anglezs_rings.cpp
#  Implicit rule search has been done.
#  Implicit/static pattern stem: `analysis_anglezs_rings'
#  Last modified 2022-05-04 11:20:42
#  File has been updated.
#  Successfully updated.
# variable set hash-table stats:
# Load=0/32=0%, Rehash=0, Collisions=0/0=0%
#  commands to execute (from `Makefile', line 31):
	@$(MKDIR)
	$(CXX) $(CXX_OPT) -c $< -o $@
	

obj/analysis_scale.o: src/analysis_scale.cpp
#  Implicit rule search has been done.
#  Implicit/static pattern stem: `analysis_scale'
#  Last modified 2022-05-04 11:20:49
#  File has been updated.
#  Successfully updated.
# variable set hash-table stats:
# Load=0/32=0%, Rehash=0, Collisions=0/0=0%
#  commands to execute (from `Makefile', line 31):
	@$(MKDIR)
	$(CXX) $(CXX_OPT) -c $< -o $@
	

# Not a target:
src/analysis_shell.cpp:
#  Implicit rule search has been done.
#  Last modified 2022-05-04 11:10:48
#  File has been updated.
#  Successfully updated.
# variable set hash-table stats:
# Load=0/32=0%, Rehash=0, Collisions=0/0=0%

obj/analysis_pointers.o: src/analysis_pointers.cpp
#  Implicit rule search has been done.
#  Implicit/static pattern stem: `analysis_pointers'
#  Last modified 2022-05-04 11:20:47
#  File has been updated.
#  Successfully updated.
# variable set hash-table stats:
# Load=0/32=0%, Rehash=0, Collisions=0/0=0%
#  commands to execute (from `Makefile', line 31):
	@$(MKDIR)
	$(CXX) $(CXX_OPT) -c $< -o $@
	

# Not a target:
obj/group.o:
#  Implicit rule search has not been done.
#  Modification time never checked.
#  File has not been updated.

obj/analysis_mindangles_seg.o: src/analysis_mindangles_seg.cpp
#  Implicit rule search has been done.
#  Implicit/static pattern stem: `analysis_mindangles_seg'
#  Last modified 2022-05-04 11:20:44
#  File has been updated.
#  Successfully updated.
# variable set hash-table stats:
# Load=0/32=0%, Rehash=0, Collisions=0/0=0%
#  commands to execute (from `Makefile', line 31):
	@$(MKDIR)
	$(CXX) $(CXX_OPT) -c $< -o $@
	

obj/analysis_packing.o: src/analysis_packing.cpp
#  Implicit rule search has been done.
#  Implicit/static pattern stem: `analysis_packing'
#  Last modified 2022-05-04 11:20:46
#  File has been updated.
#  Successfully updated.
# variable set hash-table stats:
# Load=0/32=0%, Rehash=0, Collisions=0/0=0%
#  commands to execute (from `Makefile', line 31):
	@$(MKDIR)
	$(CXX) $(CXX_OPT) -c $< -o $@
	

# Not a target:
obj/input.o:
#  Implicit rule search has not been done.
#  Modification time never checked.
#  File has not been updated.

obj/analysis_mindangles_seg_dislocated.o: src/analysis_mindangles_seg_dislocated.cpp
#  Implicit rule search has been done.
#  Implicit/static pattern stem: `analysis_mindangles_seg_dislocated'
#  Last modified 2022-05-04 11:20:45
#  File has been updated.
#  Successfully updated.
# variable set hash-table stats:
# Load=0/32=0%, Rehash=0, Collisions=0/0=0%
#  commands to execute (from `Makefile', line 31):
	@$(MKDIR)
	$(CXX) $(CXX_OPT) -c $< -o $@
	

obj/analysis_rdf.o: src/analysis_rdf.cpp
#  Implicit rule search has been done.
#  Implicit/static pattern stem: `analysis_rdf'
#  Last modified 2022-05-04 11:20:48
#  File has been updated.
#  Successfully updated.
# variable set hash-table stats:
# Load=0/32=0%, Rehash=0, Collisions=0/0=0%
#  commands to execute (from `Makefile', line 31):
	@$(MKDIR)
	$(CXX) $(CXX_OPT) -c $< -o $@
	

# Not a target:
obj/analysis_straight_chain.o:
#  Implicit rule search has not been done.
#  Modification time never checked.
#  File has not been updated.

obj/analysis_random_walk.o: src/analysis_random_walk.cpp
#  Implicit rule search has been done.
#  Implicit/static pattern stem: `analysis_random_walk'
#  Last modified 2022-05-04 11:20:48
#  File has been updated.
#  Successfully updated.
# variable set hash-table stats:
# Load=0/32=0%, Rehash=0, Collisions=0/0=0%
#  commands to execute (from `Makefile', line 31):
	@$(MKDIR)
	$(CXX) $(CXX_OPT) -c $< -o $@
	

obj/analysis_density_profile.o: src/analysis_density_profile.cpp
#  Implicit rule search has been done.
#  Implicit/static pattern stem: `analysis_density_profile'
#  Last modified 2022-05-04 11:20:43
#  File has been updated.
#  Successfully updated.
# variable set hash-table stats:
# Load=0/32=0%, Rehash=0, Collisions=0/0=0%
#  commands to execute (from `Makefile', line 31):
	@$(MKDIR)
	$(CXX) $(CXX_OPT) -c $< -o $@
	

obj/analysis_rotate.o: src/analysis_rotate.cpp
#  Implicit rule search has been done.
#  Implicit/static pattern stem: `analysis_rotate'
#  Last modified 2022-05-04 11:20:49
#  File has been updated.
#  Successfully updated.
# variable set hash-table stats:
# Load=0/32=0%, Rehash=0, Collisions=0/0=0%
#  commands to execute (from `Makefile', line 31):
	@$(MKDIR)
	$(CXX) $(CXX_OPT) -c $< -o $@
	

# Not a target:
.DEFAULT:
#  Implicit rule search has not been done.
#  Modification time never checked.
#  File has not been updated.

# Not a target:
obj/dcd.o:
#  Implicit rule search has not been done.
#  Modification time never checked.
#  File has not been updated.

# Not a target:
obj/psf.o:
#  Implicit rule search has not been done.
#  Modification time never checked.
#  File has not been updated.

obj/analysis_energy.o: src/analysis_energy.cpp
#  Implicit rule search has been done.
#  Implicit/static pattern stem: `analysis_energy'
#  Last modified 2022-05-04 11:20:43
#  File has been updated.
#  Successfully updated.
# variable set hash-table stats:
# Load=0/32=0%, Rehash=0, Collisions=0/0=0%
#  commands to execute (from `Makefile', line 31):
	@$(MKDIR)
	$(CXX) $(CXX_OPT) -c $< -o $@
	

obj/analysis_functionalize.o: src/analysis_functionalize.cpp
#  Implicit rule search has been done.
#  Implicit/static pattern stem: `analysis_functionalize'
#  Last modified 2022-05-04 11:20:44
#  File has been updated.
#  Successfully updated.
# variable set hash-table stats:
# Load=0/32=0%, Rehash=0, Collisions=0/0=0%
#  commands to execute (from `Makefile', line 31):
	@$(MKDIR)
	$(CXX) $(CXX_OPT) -c $< -o $@
	

clean:
#  Implicit rule search has not been done.
#  Modification time never checked.
#  File has not been updated.
#  commands to execute (from `Makefile', line 38):
	rm -f $(TARGET) ./obj/*.o ./src/*.o
	

obj/analysis_avedangles_seg.o: src/analysis_avedangles_seg.cpp
#  Implicit rule search has been done.
#  Implicit/static pattern stem: `analysis_avedangles_seg'
#  Last modified 2022-05-04 11:20:42
#  File has been updated.
#  Successfully updated.
# variable set hash-table stats:
# Load=0/32=0%, Rehash=0, Collisions=0/0=0%
#  commands to execute (from `Makefile', line 31):
	@$(MKDIR)
	$(CXX) $(CXX_OPT) -c $< -o $@
	

obj/analysis_msd.o: src/analysis_msd.cpp
#  Implicit rule search has been done.
#  Implicit/static pattern stem: `analysis_msd'
 
#  Last modified 2022-05-04 11:20:45
#  File has been updated.
#  Successfully updated.
# variable set hash-table stats:
# Load=0/32=0%, Rehash=0, Collisions=0/0=0%
#  commands to execute (from `Makefile', line 31):
	@$(MKDIR)
	$(CXX) $(CXX_OPT) -c $< -o $@
	

# Not a target:
src/analysis_anglezs_rings.cpp:
#  Implicit rule search has been done.
#  Last modified 2022-05-04 11:10:48
#  File has been updated.
#  Successfully updated.
# variable set hash-table stats:
# Load=0/32=0%, Rehash=0, Collisions=0/0=0%

# Not a target:
src/analysis_scale.cpp:
#  Implicit rule search has been done.
#  Last modified 2022-05-04 11:10:50
#  File has been updated.
#  Successfully updated.
# variable set hash-table stats:
# Load=0/32=0%, Rehash=0, Collisions=0/0=0%

# Not a target:
src/analysis_pointers.cpp:
#  Implicit rule search has been done.
#  Last modified 2022-05-04 11:10:48
#  File has been updated.
#  Successfully updated.
# variable set hash-table stats:
# Load=0/32=0%, Rehash=0, Collisions=0/0=0%

obj/analysis_msd_region.o: src/analysis_msd_region.cpp
#  Implicit rule search has been done.
#  Implicit/static pattern stem: `analysis_msd_region'
#  Last modified 2022-05-04 11:20:46
#  File has been updated.
#  Successfully updated.
# variable set hash-table stats:
# Load=0/32=0%, Rehash=0, Collisions=0/0=0%
#  commands to execute (from `Makefile', line 31):
	@$(MKDIR)
	$(CXX) $(CXX_OPT) -c $< -o $@
	

obj/analysis_shell.o: src/analysis_shell.cpp
#  Implicit rule search has been done.
#  Implicit/static pattern stem: `analysis_shell'
#  File does not exist.
#  File has been updated.
#  Needs to be updated (-q is set).
# automatic
# @ := obj/analysis_shell.o
# automatic
# % := 
# automatic
# * := analysis_shell
# automatic
# + := src/analysis_shell.cpp
# automatic
# | := 
# automatic
# < := src/analysis_shell.cpp
# automatic
# ^ := src/analysis_shell.cpp
# automatic
# ? := src/analysis_shell.cpp
# variable set hash-table stats:
# Load=8/32=25%, Rehash=0, Collisions=1/15=7%
#  commands to execute (from `Makefile', line 31):
	@$(MKDIR)
	$(CXX) $(CXX_OPT) -c $< -o $@
	

# Not a target:
src/analysis_mindangles_seg.cpp:
#  Implicit rule search has been done.
#  Last modified 2022-05-04 11:10:50
#  File has been updated.
#  Successfully updated.
# variable set hash-table stats:
# Load=0/32=0%, Rehash=0, Collisions=0/0=0%

# Not a target:
src/analysis_packing.cpp:
#  Implicit rule search has been done.
#  Last modified 2022-05-04 11:10:47
#  File has been updated.
#  Successfully updated.
# variable set hash-table stats:
# Load=0/32=0%, Rehash=0, Collisions=0/0=0%

# Not a target:
src/analysis_mindangles_seg_dislocated.cpp:
#  Implicit rule search has been done.
#  Last modified 2022-05-04 11:10:50
#  File has been updated.
#  Successfully updated.
# variable set hash-table stats:
# Load=0/32=0%, Rehash=0, Collisions=0/0=0%

# Not a target:
obj/dcd_r.o:
#  Implicit rule search has not been done.
#  Modification time never checked.
#  File has not been updated.

# Not a target:
src/analysis_rdf.cpp:
#  Implicit rule search has been done.
#  Last modified 2022-05-04 11:10:49
#  File has been updated.
#  Successfully updated.
# variable set hash-table stats:
# Load=0/32=0%, Rehash=0, Collisions=0/0=0%

# files hash-table stats:
# Load=50/1024=5%, Rehash=0, Collisions=6/144=4%
# VPATH Search Paths

# No `vpath' search paths.

# No general (`VPATH' variable) search path.

# # of strings in strcache: 1
# # of strcache buffers: 1
# strcache size: total = 4096 / max = 4096 / min = 4096 / avg = 4096
# strcache free: total = 4087 / max = 4087 / min = 4087 / avg = 4087

# Finished Make data base on Wed May  4 11:22:03 2022

 
